# JRE version: OpenJDK Runtime Environment (8.0_242-b01) (build 1.8.0_242-release-1644-b01)
# Java VM: OpenJDK 64-Bit Server VM (25.242-b01 mixed mode windows-amd64 compressed oops)
Heap:
 PSYoungGen      total 270848K, used 95763K [0x00000000e0000000, 0x00000000f3380000, 0x0000000100000000)
  eden space 239104K, 26% used [0x00000000e0000000,0x00000000e3e85140,0x00000000ee980000)
  from space 31744K, 99% used [0x00000000ef200000,0x00000000f10ffe18,0x00000000f1100000)
  to   space 35328K, 0% used [0x00000000f1100000,0x00000000f1100000,0x00000000f3380000)
 ParOldGen       total 134656K, used 69576K [0x00000000a0000000, 0x00000000a8380000, 0x00000000e0000000)
  object space 134656K, 51% used [0x00000000a0000000,0x00000000a43f22c8,0x00000000a8380000)
 Metaspace       used 87249K, capacity 91576K, committed 91608K, reserved 1128448K
  class space    used 11600K, capacity 12534K, committed 12544K, reserved 1048576K
GC Heap History (10 events):
Event: 22.494 GC heap before
{Heap before GC invocations=16 (full 3):
 PSYoungGen      total 190976K, used 173568K [0x00000000e0000000, 0x00000000ee100000, 0x0000000100000000)
  eden space 173568K, 100% used [0x00000000e0000000,0x00000000ea980000,0x00000000ea980000)
  from space 17408K, 0% used [0x00000000ebc80000,0x00000000ebc80000,0x00000000ecd80000)
  to   space 19456K, 0% used [0x00000000ea980000,0x00000000ea980000,0x00000000ebc80000)
 ParOldGen       total 134656K, used 36738K [0x00000000a0000000, 0x00000000a8380000, 0x00000000e0000000)
  object space 134656K, 27% used [0x00000000a0000000,0x00000000a23e0980,0x00000000a8380000)
 Metaspace       used 64720K, capacity 67606K, committed 67928K, reserved 1107968K
  class space    used 8944K, capacity 9487K, committed 9600K, reserved 1048576K
Event: 22.528 GC heap after
Heap after GC invocations=16 (full 3):
 PSYoungGen      total 193024K, used 14689K [0x00000000e0000000, 0x00000000ef680000, 0x0000000100000000)
  eden space 173568K, 0% used [0x00000000e0000000,0x00000000e0000000,0x00000000ea980000)
  from space 19456K, 75% used [0x00000000ea980000,0x00000000eb7d8450,0x00000000ebc80000)
  to   space 20480K, 0% used [0x00000000ee280000,0x00000000ee280000,0x00000000ef680000)
 ParOldGen       total 134656K, used 36738K [0x00000000a0000000, 0x00000000a8380000, 0x00000000e0000000)
  object space 134656K, 27% used [0x00000000a0000000,0x00000000a23e0980,0x00000000a8380000)
 Metaspace       used 64720K, capacity 67606K, committed 67928K, reserved 1107968K
  class space    used 8944K, capacity 9487K, committed 9600K, reserved 1048576K
}
Event: 26.130 GC heap before
{Heap before GC invocations=17 (full 3):
 PSYoungGen      total 193024K, used 188257K [0x00000000e0000000, 0x00000000ef680000, 0x0000000100000000)
  eden space 173568K, 100% used [0x00000000e0000000,0x00000000ea980000,0x00000000ea980000)
  from space 19456K, 75% used [0x00000000ea980000,0x00000000eb7d8450,0x00000000ebc80000)
  to   space 20480K, 0% used [0x00000000ee280000,0x00000000ee280000,0x00000000ef680000)
 ParOldGen       total 134656K, used 36738K [0x00000000a0000000, 0x00000000a8380000, 0x00000000e0000000)
  object space 134656K, 27% used [0x00000000a0000000,0x00000000a23e0980,0x00000000a8380000)
 Metaspace       used 70754K, capacity 74232K, committed 74456K, reserved 1114112K
  class space    used 9744K, capacity 10441K, committed 10496K, reserved 1048576K
Event: 26.187 GC heap after
Heap after GC invocations=17 (full 3):
 PSYoungGen      total 228352K, used 20463K [0x00000000e0000000, 0x00000000eff80000, 0x0000000100000000)
  eden space 207872K, 0% used [0x00000000e0000000,0x00000000e0000000,0x00000000ecb00000)
  from space 20480K, 99% used [0x00000000ee280000,0x00000000ef67bf80,0x00000000ef680000)
  to   space 24064K, 0% used [0x00000000ecb00000,0x00000000ecb00000,0x00000000ee280000)
 ParOldGen       total 134656K, used 39519K [0x00000000a0000000, 0x00000000a8380000, 0x00000000e0000000)
  object space 134656K, 29% used [0x00000000a0000000,0x00000000a2697d00,0x00000000a8380000)
 Metaspace       used 70754K, capacity 74232K, committed 74456K, reserved 1114112K
  class space    used 9744K, capacity 10441K, committed 10496K, reserved 1048576K
}
Event: 1804.671 GC heap before
{Heap before GC invocations=18 (full 3):
 PSYoungGen      total 228352K, used 228335K [0x00000000e0000000, 0x00000000eff80000, 0x0000000100000000)
  eden space 207872K, 100% used [0x00000000e0000000,0x00000000ecb00000,0x00000000ecb00000)
  from space 20480K, 99% used [0x00000000ee280000,0x00000000ef67bf80,0x00000000ef680000)
  to   space 24064K, 0% used [0x00000000ecb00000,0x00000000ecb00000,0x00000000ee280000)
 ParOldGen       total 134656K, used 39519K [0x00000000a0000000, 0x00000000a8380000, 0x00000000e0000000)
  object space 134656K, 29% used [0x00000000a0000000,0x00000000a2697d00,0x00000000a8380000)
 Metaspace       used 80634K, capacity 84630K, committed 84824K, reserved 1122304K
  class space    used 10801K, capacity 11645K, committed 11648K, reserved 1048576K
Event: 1805.382 GC heap after
Heap after GC invocations=18 (full 3):
 PSYoungGen      total 231936K, used 24042K [0x00000000e0000000, 0x00000000f3000000, 0x0000000100000000)
  eden space 207872K, 0% used [0x00000000e0000000,0x00000000e0000000,0x00000000ecb00000)
  from space 24064K, 99% used [0x00000000ecb00000,0x00000000ee27a928,0x00000000ee280000)
  to   space 31744K, 0% used [0x00000000f1100000,0x00000000f1100000,0x00000000f3000000)
 ParOldGen       total 134656K, used 50784K [0x00000000a0000000, 0x00000000a8380000, 0x00000000e0000000)
  object space 134656K, 37% used [0x00000000a0000000,0x00000000a31982a8,0x00000000a8380000)
 Metaspace       used 80634K, capacity 84630K, committed 84824K, reserved 1122304K
  class space    used 10801K, capacity 11645K, committed 11648K, reserved 1048576K
}
Event: 1812.367 GC heap before
{Heap before GC invocations=19 (full 3):
 PSYoungGen      total 231936K, used 231865K [0x00000000e0000000, 0x00000000f3000000, 0x0000000100000000)
  eden space 207872K, 99% used [0x00000000e0000000,0x00000000ecaf3e58,0x00000000ecb00000)
  from space 24064K, 99% used [0x00000000ecb00000,0x00000000ee27a928,0x00000000ee280000)
  to   space 31744K, 0% used [0x00000000f1100000,0x00000000f1100000,0x00000000f3000000)
 ParOldGen       total 134656K, used 50784K [0x00000000a0000000, 0x00000000a8380000, 0x00000000e0000000)
  object space 134656K, 37% used [0x00000000a0000000,0x00000000a31982a8,0x00000000a8380000)
 Metaspace       used 83128K, capacity 87286K, committed 87640K, reserved 1124352K
  class space    used 11116K, capacity 12039K, committed 12160K, reserved 1048576K
Event: 1812.442 GC heap after
Heap after GC invocations=19 (full 3):
 PSYoungGen      total 279552K, used 17724K [0x00000000e0000000, 0x00000000f3100000, 0x0000000100000000)
  eden space 247808K, 0% used [0x00000000e0000000,0x00000000e0000000,0x00000000ef200000)
  from space 31744K, 55% used [0x00000000f1100000,0x00000000f224f358,0x00000000f3000000)
  to   space 31744K, 0% used [0x00000000ef200000,0x00000000ef200000,0x00000000f1100000)
 ParOldGen       total 134656K, used 65452K [0x00000000a0000000, 0x00000000a8380000, 0x00000000e0000000)
  object space 134656K, 48% used [0x00000000a0000000,0x00000000a3feb040,0x00000000a8380000)
 Metaspace       used 83128K, capacity 87286K, committed 87640K, reserved 1124352K
  class space    used 11116K, capacity 12039K, committed 12160K, reserved 1048576K
}
Event: 1819.782 GC heap before
{Heap before GC invocations=20 (full 3):
 PSYoungGen      total 279552K, used 265532K [0x00000000e0000000, 0x00000000f3100000, 0x0000000100000000)
  eden space 247808K, 100% used [0x00000000e0000000,0x00000000ef200000,0x00000000ef200000)
  from space 31744K, 55% used [0x00000000f1100000,0x00000000f224f358,0x00000000f3000000)
  to   space 31744K, 0% used [0x00000000ef200000,0x00000000ef200000,0x00000000f1100000)
 ParOldGen       total 134656K, used 65452K [0x00000000a0000000, 0x00000000a8380000, 0x00000000e0000000)
  object space 134656K, 48% used [0x00000000a0000000,0x00000000a3feb040,0x00000000a8380000)
 Metaspace       used 86740K, capacity 90968K, committed 91096K, reserved 1128448K
  class space    used 11568K, capacity 12502K, committed 12544K, reserved 1048576K
Event: 1819.830 GC heap after
Heap after GC invocations=20 (full 3):
 PSYoungGen      total 270848K, used 31743K [0x00000000e0000000, 0x00000000f3380000, 0x0000000100000000)
  eden space 239104K, 0% used [0x00000000e0000000,0x00000000e0000000,0x00000000ee980000)
  from space 31744K, 99% used [0x00000000ef200000,0x00000000f10ffe18,0x00000000f1100000)
  to   space 35328K, 0% used [0x00000000f1100000,0x00000000f1100000,0x00000000f3380000)
 ParOldGen       total 134656K, used 69576K [0x00000000a0000000, 0x00000000a8380000, 0x00000000e0000000)
  object space 134656K, 51% used [0x00000000a0000000,0x00000000a43f22c8,0x00000000a8380000)
 Metaspace       used 86740K, capacity 90968K, committed 91096K, reserved 1128448K
  class space    used 11568K, capacity 12502K, committed 12544K, reserved 1048576K
}

